2023-03-10 22:40:11,654 INFO c.f.c.Application [main] Starting Application using Java 1.8.0_201 on Arun_HP with PID 18464 (D:\JavaWorkspace\TracExp\bin\main started by arunk in D:\JavaWorkspace\TracExp)
2023-03-10 22:40:11,667 INFO c.f.c.Application [main] No active profile set, falling back to 1 default profile: "default"
2023-03-10 22:40:17,909 INFO c.f.c.Application [main] Started Application in 6.673 seconds (JVM running for 7.726)
2023-03-11 05:56:53,883 INFO c.f.c.Application [main] Starting Application using Java 1.8.0_201 on Arun_HP with PID 27388 (D:\JavaWorkspace\TracExp\bin\main started by arunk in D:\JavaWorkspace\TracExp)
2023-03-11 05:56:53,898 INFO c.f.c.Application [main] No active profile set, falling back to 1 default profile: "default"
2023-03-11 05:56:59,792 INFO c.f.c.Application [main] Started Application in 6.194 seconds (JVM running for 7.211)
2023-03-11 05:57:25,562 INFO c.f.c.Application [main] Starting Application using Java 1.8.0_201 on Arun_HP with PID 26508 (D:\JavaWorkspace\TracExp\bin\main started by arunk in D:\JavaWorkspace\TracExp)
2023-03-11 05:57:25,570 INFO c.f.c.Application [main] No active profile set, falling back to 1 default profile: "default"
2023-03-11 05:57:30,506 INFO c.f.c.Application [main] Started Application in 5.252 seconds (JVM running for 6.116)
2023-03-11 18:51:26,244 INFO c.f.c.Application [main] Starting Application using Java 1.8.0_201 on Arun_HP with PID 2680 (D:\JavaWorkspace\TracExp\bin\main started by arunk in D:\JavaWorkspace\TracExp)
2023-03-11 18:51:26,265 INFO c.f.c.Application [main] No active profile set, falling back to 1 default profile: "default"
2023-03-11 18:57:25,180 INFO c.f.c.Application [main] Starting Application using Java 1.8.0_201 on Arun_HP with PID 24156 (D:\JavaWorkspace\TracExp\build\classes\java\main started by arunk in D:\JavaWorkspace\TracExp)
2023-03-11 18:57:25,187 INFO c.f.c.Application [main] No active profile set, falling back to 1 default profile: "default"
2023-03-11 19:03:49,070 INFO c.f.c.Application [main] Starting Application using Java 1.8.0_201 on Arun_HP with PID 15416 (D:\JavaWorkspace\TracExp\build\classes\java\main started by arunk in D:\JavaWorkspace\TracExp)
2023-03-11 19:03:49,085 INFO c.f.c.Application [main] No active profile set, falling back to 1 default profile: "default"
2023-03-11 19:05:15,772 INFO c.f.c.Application [main] Starting Application using Java 1.8.0_201 on Arun_HP with PID 21968 (D:\JavaWorkspace\TracExp\build\classes\java\main started by arunk in D:\JavaWorkspace\TracExp)
2023-03-11 19:05:15,772 INFO c.f.c.Application [main] No active profile set, falling back to 1 default profile: "default"
2023-03-11 21:02:09,186 INFO c.f.c.Application [main] Starting Application using Java 1.8.0_201 on Arun_HP with PID 25100 (D:\JavaWorkspace\TracExp\build\classes\java\main started by arunk in D:\JavaWorkspace\TracExp)
2023-03-11 21:02:09,201 INFO c.f.c.Application [main] No active profile set, falling back to 1 default profile: "default"
2023-03-11 21:02:12,644 INFO c.f.c.Application [main] Started Application in 3.706 seconds (JVM running for 4.472)
2023-03-11 21:05:51,105 INFO c.f.c.Application [main] Starting Application using Java 1.8.0_201 on Arun_HP with PID 9444 (D:\JavaWorkspace\TracExp\build\classes\java\main started by arunk in D:\JavaWorkspace\TracExp)
2023-03-11 21:05:51,121 INFO c.f.c.Application [main] No active profile set, falling back to 1 default profile: "default"
2023-03-11 21:05:53,944 INFO c.f.c.Application [main] Started Application in 3.052 seconds (JVM running for 3.689)
2023-03-11 22:23:02,218 INFO c.f.c.Application [main] Starting Application using Java 1.8.0_201 on Arun_HP with PID 25732 (D:\JavaWorkspace\TracExp\build\classes\java\main started by arunk in D:\JavaWorkspace\TracExp)
2023-03-11 22:23:02,218 INFO c.f.c.Application [main] No active profile set, falling back to 1 default profile: "default"
2023-03-11 22:23:04,397 INFO c.f.c.Application [main] Started Application in 2.329 seconds (JVM running for 2.786)
2023-03-11 22:23:28,744 ERROR o.a.c.c.C.[.[.[.[dispatcherServlet] [http-nio-8801-exec-4] Servlet.service() for servlet [dispatcherServlet] in context with path [] threw exception [Request processing failed; nested exception is CustomException(code=Bad Request, status=400, debugMessage=Name cannot be empty, clientMessage=Name cannot be empty)] with root cause
com.func.core.module.util.CustomException: null
	at com.func.core.module.service.impl.UserServiceImpl.validateUserRequest(UserServiceImpl.java:36) ~[main/:?]
	at com.func.core.module.service.impl.UserServiceImpl.addUser(UserServiceImpl.java:27) ~[main/:?]
	at com.func.core.module.controller.UserController.addUser(UserController.java:30) ~[main/:?]
	at sun.reflect.NativeMethodAccessorImpl.invoke0(Native Method) ~[?:1.8.0_201]
	at sun.reflect.NativeMethodAccessorImpl.invoke(NativeMethodAccessorImpl.java:62) ~[?:1.8.0_201]
	at sun.reflect.DelegatingMethodAccessorImpl.invoke(DelegatingMethodAccessorImpl.java:43) ~[?:1.8.0_201]
	at java.lang.reflect.Method.invoke(Method.java:498) ~[?:1.8.0_201]
	at org.springframework.web.method.support.InvocableHandlerMethod.doInvoke(InvocableHandlerMethod.java:205) ~[spring-web-5.3.25.jar:5.3.25]
	at org.springframework.web.method.support.InvocableHandlerMethod.invokeForRequest(InvocableHandlerMethod.java:150) ~[spring-web-5.3.25.jar:5.3.25]
	at org.springframework.web.servlet.mvc.method.annotation.ServletInvocableHandlerMethod.invokeAndHandle(ServletInvocableHandlerMethod.java:117) ~[spring-webmvc-5.3.25.jar:5.3.25]
	at org.springframework.web.servlet.mvc.method.annotation.RequestMappingHandlerAdapter.invokeHandlerMethod(RequestMappingHandlerAdapter.java:895) ~[spring-webmvc-5.3.25.jar:5.3.25]
	at org.springframework.web.servlet.mvc.method.annotation.RequestMappingHandlerAdapter.handleInternal(RequestMappingHandlerAdapter.java:808) ~[spring-webmvc-5.3.25.jar:5.3.25]
	at org.springframework.web.servlet.mvc.method.AbstractHandlerMethodAdapter.handle(AbstractHandlerMethodAdapter.java:87) ~[spring-webmvc-5.3.25.jar:5.3.25]
	at org.springframework.web.servlet.DispatcherServlet.doDispatch(DispatcherServlet.java:1071) ~[spring-webmvc-5.3.25.jar:5.3.25]
	at org.springframework.web.servlet.DispatcherServlet.doService(DispatcherServlet.java:964) ~[spring-webmvc-5.3.25.jar:5.3.25]
	at org.springframework.web.servlet.FrameworkServlet.processRequest(FrameworkServlet.java:1006) ~[spring-webmvc-5.3.25.jar:5.3.25]
	at org.springframework.web.servlet.FrameworkServlet.doPost(FrameworkServlet.java:909) ~[spring-webmvc-5.3.25.jar:5.3.25]
	at javax.servlet.http.HttpServlet.service(HttpServlet.java:696) ~[tomcat-embed-core-9.0.71.jar:4.0.FR]
	at org.springframework.web.servlet.FrameworkServlet.service(FrameworkServlet.java:883) ~[spring-webmvc-5.3.25.jar:5.3.25]
	at javax.servlet.http.HttpServlet.service(HttpServlet.java:779) ~[tomcat-embed-core-9.0.71.jar:4.0.FR]
	at org.apache.catalina.core.ApplicationFilterChain.internalDoFilter(ApplicationFilterChain.java:227) ~[tomcat-embed-core-9.0.71.jar:9.0.71]
	at org.apache.catalina.core.ApplicationFilterChain.doFilter(ApplicationFilterChain.java:162) ~[tomcat-embed-core-9.0.71.jar:9.0.71]
	at org.apache.tomcat.websocket.server.WsFilter.doFilter(WsFilter.java:53) ~[tomcat-embed-websocket-9.0.71.jar:9.0.71]
	at org.apache.catalina.core.ApplicationFilterChain.internalDoFilter(ApplicationFilterChain.java:189) ~[tomcat-embed-core-9.0.71.jar:9.0.71]
	at org.apache.catalina.core.ApplicationFilterChain.doFilter(ApplicationFilterChain.java:162) ~[tomcat-embed-core-9.0.71.jar:9.0.71]
	at org.springframework.web.filter.RequestContextFilter.doFilterInternal(RequestContextFilter.java:100) ~[spring-web-5.3.25.jar:5.3.25]
	at org.springframework.web.filter.OncePerRequestFilter.doFilter(OncePerRequestFilter.java:117) ~[spring-web-5.3.25.jar:5.3.25]
	at org.apache.catalina.core.ApplicationFilterChain.internalDoFilter(ApplicationFilterChain.java:189) ~[tomcat-embed-core-9.0.71.jar:9.0.71]
	at org.apache.catalina.core.ApplicationFilterChain.doFilter(ApplicationFilterChain.java:162) ~[tomcat-embed-core-9.0.71.jar:9.0.71]
	at org.springframework.web.filter.FormContentFilter.doFilterInternal(FormContentFilter.java:93) ~[spring-web-5.3.25.jar:5.3.25]
	at org.springframework.web.filter.OncePerRequestFilter.doFilter(OncePerRequestFilter.java:117) ~[spring-web-5.3.25.jar:5.3.25]
	at org.apache.catalina.core.ApplicationFilterChain.internalDoFilter(ApplicationFilterChain.java:189) ~[tomcat-embed-core-9.0.71.jar:9.0.71]
	at org.apache.catalina.core.ApplicationFilterChain.doFilter(ApplicationFilterChain.java:162) ~[tomcat-embed-core-9.0.71.jar:9.0.71]
	at org.springframework.boot.actuate.metrics.web.servlet.WebMvcMetricsFilter.doFilterInternal(WebMvcMetricsFilter.java:96) ~[spring-boot-actuator-2.7.9.jar:2.7.9]
	at org.springframework.web.filter.OncePerRequestFilter.doFilter(OncePerRequestFilter.java:117) ~[spring-web-5.3.25.jar:5.3.25]
	at org.apache.catalina.core.ApplicationFilterChain.internalDoFilter(ApplicationFilterChain.java:189) ~[tomcat-embed-core-9.0.71.jar:9.0.71]
	at org.apache.catalina.core.ApplicationFilterChain.doFilter(ApplicationFilterChain.java:162) ~[tomcat-embed-core-9.0.71.jar:9.0.71]
	at org.springframework.web.filter.CharacterEncodingFilter.doFilterInternal(CharacterEncodingFilter.java:201) ~[spring-web-5.3.25.jar:5.3.25]
	at org.springframework.web.filter.OncePerRequestFilter.doFilter(OncePerRequestFilter.java:117) ~[spring-web-5.3.25.jar:5.3.25]
	at org.apache.catalina.core.ApplicationFilterChain.internalDoFilter(ApplicationFilterChain.java:189) ~[tomcat-embed-core-9.0.71.jar:9.0.71]
	at org.apache.catalina.core.ApplicationFilterChain.doFilter(ApplicationFilterChain.java:162) ~[tomcat-embed-core-9.0.71.jar:9.0.71]
	at org.apache.catalina.core.StandardWrapperValve.invoke(StandardWrapperValve.java:177) ~[tomcat-embed-core-9.0.71.jar:9.0.71]
	at org.apache.catalina.core.StandardContextValve.invoke(StandardContextValve.java:97) ~[tomcat-embed-core-9.0.71.jar:9.0.71]
	at org.apache.catalina.authenticator.AuthenticatorBase.invoke(AuthenticatorBase.java:541) ~[tomcat-embed-core-9.0.71.jar:9.0.71]
	at org.apache.catalina.core.StandardHostValve.invoke(StandardHostValve.java:135) ~[tomcat-embed-core-9.0.71.jar:9.0.71]
	at org.apache.catalina.valves.ErrorReportValve.invoke(ErrorReportValve.java:92) ~[tomcat-embed-core-9.0.71.jar:9.0.71]
	at org.apache.catalina.core.StandardEngineValve.invoke(StandardEngineValve.java:78) ~[tomcat-embed-core-9.0.71.jar:9.0.71]
	at org.apache.catalina.connector.CoyoteAdapter.service(CoyoteAdapter.java:360) ~[tomcat-embed-core-9.0.71.jar:9.0.71]
	at org.apache.coyote.http11.Http11Processor.service(Http11Processor.java:399) ~[tomcat-embed-core-9.0.71.jar:9.0.71]
	at org.apache.coyote.AbstractProcessorLight.process(AbstractProcessorLight.java:65) ~[tomcat-embed-core-9.0.71.jar:9.0.71]
	at org.apache.coyote.AbstractProtocol$ConnectionHandler.process(AbstractProtocol.java:891) ~[tomcat-embed-core-9.0.71.jar:9.0.71]
	at org.apache.tomcat.util.net.NioEndpoint$SocketProcessor.doRun(NioEndpoint.java:1784) ~[tomcat-embed-core-9.0.71.jar:9.0.71]
	at org.apache.tomcat.util.net.SocketProcessorBase.run(SocketProcessorBase.java:49) ~[tomcat-embed-core-9.0.71.jar:9.0.71]
	at org.apache.tomcat.util.threads.ThreadPoolExecutor.runWorker(ThreadPoolExecutor.java:1191) ~[tomcat-embed-core-9.0.71.jar:9.0.71]
	at org.apache.tomcat.util.threads.ThreadPoolExecutor$Worker.run(ThreadPoolExecutor.java:659) ~[tomcat-embed-core-9.0.71.jar:9.0.71]
	at org.apache.tomcat.util.threads.TaskThread$WrappingRunnable.run(TaskThread.java:61) ~[tomcat-embed-core-9.0.71.jar:9.0.71]
	at java.lang.Thread.run(Thread.java:748) ~[?:1.8.0_201]
2023-03-11 22:25:00,764 INFO c.f.c.Application [main] Starting Application using Java 1.8.0_201 on Arun_HP with PID 16840 (D:\JavaWorkspace\TracExp\build\classes\java\main started by arunk in D:\JavaWorkspace\TracExp)
2023-03-11 22:25:00,768 INFO c.f.c.Application [main] No active profile set, falling back to 1 default profile: "default"
2023-03-11 22:25:02,887 INFO c.f.c.Application [main] Started Application in 2.293 seconds (JVM running for 2.757)
2023-03-11 22:25:11,744 ERROR o.a.c.c.C.[.[.[.[dispatcherServlet] [http-nio-8801-exec-3] Servlet.service() for servlet [dispatcherServlet] in context with path [] threw exception [Request processing failed; nested exception is CustomException(code=Bad Request, status=400, debugMessage=Name cannot be empty, clientMessage=Name cannot be empty)] with root cause
com.func.core.module.util.CustomException: null
	at com.func.core.module.service.impl.UserServiceImpl.validateUserRequest(UserServiceImpl.java:36) ~[main/:?]
	at com.func.core.module.service.impl.UserServiceImpl.addUser(UserServiceImpl.java:27) ~[main/:?]
	at com.func.core.module.controller.UserController.addUser(UserController.java:30) ~[main/:?]
	at sun.reflect.NativeMethodAccessorImpl.invoke0(Native Method) ~[?:1.8.0_201]
	at sun.reflect.NativeMethodAccessorImpl.invoke(NativeMethodAccessorImpl.java:62) ~[?:1.8.0_201]
	at sun.reflect.DelegatingMethodAccessorImpl.invoke(DelegatingMethodAccessorImpl.java:43) ~[?:1.8.0_201]
	at java.lang.reflect.Method.invoke(Method.java:498) ~[?:1.8.0_201]
	at org.springframework.web.method.support.InvocableHandlerMethod.doInvoke(InvocableHandlerMethod.java:205) ~[spring-web-5.3.25.jar:5.3.25]
	at org.springframework.web.method.support.InvocableHandlerMethod.invokeForRequest(InvocableHandlerMethod.java:150) ~[spring-web-5.3.25.jar:5.3.25]
	at org.springframework.web.servlet.mvc.method.annotation.ServletInvocableHandlerMethod.invokeAndHandle(ServletInvocableHandlerMethod.java:117) ~[spring-webmvc-5.3.25.jar:5.3.25]
	at org.springframework.web.servlet.mvc.method.annotation.RequestMappingHandlerAdapter.invokeHandlerMethod(RequestMappingHandlerAdapter.java:895) ~[spring-webmvc-5.3.25.jar:5.3.25]
	at org.springframework.web.servlet.mvc.method.annotation.RequestMappingHandlerAdapter.handleInternal(RequestMappingHandlerAdapter.java:808) ~[spring-webmvc-5.3.25.jar:5.3.25]
	at org.springframework.web.servlet.mvc.method.AbstractHandlerMethodAdapter.handle(AbstractHandlerMethodAdapter.java:87) ~[spring-webmvc-5.3.25.jar:5.3.25]
	at org.springframework.web.servlet.DispatcherServlet.doDispatch(DispatcherServlet.java:1071) ~[spring-webmvc-5.3.25.jar:5.3.25]
	at org.springframework.web.servlet.DispatcherServlet.doService(DispatcherServlet.java:964) ~[spring-webmvc-5.3.25.jar:5.3.25]
	at org.springframework.web.servlet.FrameworkServlet.processRequest(FrameworkServlet.java:1006) ~[spring-webmvc-5.3.25.jar:5.3.25]
	at org.springframework.web.servlet.FrameworkServlet.doPost(FrameworkServlet.java:909) ~[spring-webmvc-5.3.25.jar:5.3.25]
	at javax.servlet.http.HttpServlet.service(HttpServlet.java:696) ~[tomcat-embed-core-9.0.71.jar:4.0.FR]
	at org.springframework.web.servlet.FrameworkServlet.service(FrameworkServlet.java:883) ~[spring-webmvc-5.3.25.jar:5.3.25]
	at javax.servlet.http.HttpServlet.service(HttpServlet.java:779) ~[tomcat-embed-core-9.0.71.jar:4.0.FR]
	at org.apache.catalina.core.ApplicationFilterChain.internalDoFilter(ApplicationFilterChain.java:227) ~[tomcat-embed-core-9.0.71.jar:9.0.71]
	at org.apache.catalina.core.ApplicationFilterChain.doFilter(ApplicationFilterChain.java:162) ~[tomcat-embed-core-9.0.71.jar:9.0.71]
	at org.apache.tomcat.websocket.server.WsFilter.doFilter(WsFilter.java:53) ~[tomcat-embed-websocket-9.0.71.jar:9.0.71]
	at org.apache.catalina.core.ApplicationFilterChain.internalDoFilter(ApplicationFilterChain.java:189) ~[tomcat-embed-core-9.0.71.jar:9.0.71]
	at org.apache.catalina.core.ApplicationFilterChain.doFilter(ApplicationFilterChain.java:162) ~[tomcat-embed-core-9.0.71.jar:9.0.71]
	at org.springframework.web.filter.RequestContextFilter.doFilterInternal(RequestContextFilter.java:100) ~[spring-web-5.3.25.jar:5.3.25]
	at org.springframework.web.filter.OncePerRequestFilter.doFilter(OncePerRequestFilter.java:117) ~[spring-web-5.3.25.jar:5.3.25]
	at org.apache.catalina.core.ApplicationFilterChain.internalDoFilter(ApplicationFilterChain.java:189) ~[tomcat-embed-core-9.0.71.jar:9.0.71]
	at org.apache.catalina.core.ApplicationFilterChain.doFilter(ApplicationFilterChain.java:162) ~[tomcat-embed-core-9.0.71.jar:9.0.71]
	at org.springframework.web.filter.FormContentFilter.doFilterInternal(FormContentFilter.java:93) ~[spring-web-5.3.25.jar:5.3.25]
	at org.springframework.web.filter.OncePerRequestFilter.doFilter(OncePerRequestFilter.java:117) ~[spring-web-5.3.25.jar:5.3.25]
	at org.apache.catalina.core.ApplicationFilterChain.internalDoFilter(ApplicationFilterChain.java:189) ~[tomcat-embed-core-9.0.71.jar:9.0.71]
	at org.apache.catalina.core.ApplicationFilterChain.doFilter(ApplicationFilterChain.java:162) ~[tomcat-embed-core-9.0.71.jar:9.0.71]
	at org.springframework.boot.actuate.metrics.web.servlet.WebMvcMetricsFilter.doFilterInternal(WebMvcMetricsFilter.java:96) ~[spring-boot-actuator-2.7.9.jar:2.7.9]
	at org.springframework.web.filter.OncePerRequestFilter.doFilter(OncePerRequestFilter.java:117) ~[spring-web-5.3.25.jar:5.3.25]
	at org.apache.catalina.core.ApplicationFilterChain.internalDoFilter(ApplicationFilterChain.java:189) ~[tomcat-embed-core-9.0.71.jar:9.0.71]
	at org.apache.catalina.core.ApplicationFilterChain.doFilter(ApplicationFilterChain.java:162) ~[tomcat-embed-core-9.0.71.jar:9.0.71]
	at org.springframework.web.filter.CharacterEncodingFilter.doFilterInternal(CharacterEncodingFilter.java:201) ~[spring-web-5.3.25.jar:5.3.25]
	at org.springframework.web.filter.OncePerRequestFilter.doFilter(OncePerRequestFilter.java:117) ~[spring-web-5.3.25.jar:5.3.25]
	at org.apache.catalina.core.ApplicationFilterChain.internalDoFilter(ApplicationFilterChain.java:189) ~[tomcat-embed-core-9.0.71.jar:9.0.71]
	at org.apache.catalina.core.ApplicationFilterChain.doFilter(ApplicationFilterChain.java:162) ~[tomcat-embed-core-9.0.71.jar:9.0.71]
	at org.apache.catalina.core.StandardWrapperValve.invoke(StandardWrapperValve.java:177) ~[tomcat-embed-core-9.0.71.jar:9.0.71]
	at org.apache.catalina.core.StandardContextValve.invoke(StandardContextValve.java:97) ~[tomcat-embed-core-9.0.71.jar:9.0.71]
	at org.apache.catalina.authenticator.AuthenticatorBase.invoke(AuthenticatorBase.java:541) ~[tomcat-embed-core-9.0.71.jar:9.0.71]
	at org.apache.catalina.core.StandardHostValve.invoke(StandardHostValve.java:135) ~[tomcat-embed-core-9.0.71.jar:9.0.71]
	at org.apache.catalina.valves.ErrorReportValve.invoke(ErrorReportValve.java:92) ~[tomcat-embed-core-9.0.71.jar:9.0.71]
	at org.apache.catalina.core.StandardEngineValve.invoke(StandardEngineValve.java:78) ~[tomcat-embed-core-9.0.71.jar:9.0.71]
	at org.apache.catalina.connector.CoyoteAdapter.service(CoyoteAdapter.java:360) ~[tomcat-embed-core-9.0.71.jar:9.0.71]
	at org.apache.coyote.http11.Http11Processor.service(Http11Processor.java:399) ~[tomcat-embed-core-9.0.71.jar:9.0.71]
	at org.apache.coyote.AbstractProcessorLight.process(AbstractProcessorLight.java:65) ~[tomcat-embed-core-9.0.71.jar:9.0.71]
	at org.apache.coyote.AbstractProtocol$ConnectionHandler.process(AbstractProtocol.java:891) ~[tomcat-embed-core-9.0.71.jar:9.0.71]
	at org.apache.tomcat.util.net.NioEndpoint$SocketProcessor.doRun(NioEndpoint.java:1784) ~[tomcat-embed-core-9.0.71.jar:9.0.71]
	at org.apache.tomcat.util.net.SocketProcessorBase.run(SocketProcessorBase.java:49) ~[tomcat-embed-core-9.0.71.jar:9.0.71]
	at org.apache.tomcat.util.threads.ThreadPoolExecutor.runWorker(ThreadPoolExecutor.java:1191) ~[tomcat-embed-core-9.0.71.jar:9.0.71]
	at org.apache.tomcat.util.threads.ThreadPoolExecutor$Worker.run(ThreadPoolExecutor.java:659) ~[tomcat-embed-core-9.0.71.jar:9.0.71]
	at org.apache.tomcat.util.threads.TaskThread$WrappingRunnable.run(TaskThread.java:61) ~[tomcat-embed-core-9.0.71.jar:9.0.71]
	at java.lang.Thread.run(Thread.java:748) ~[?:1.8.0_201]
2023-03-11 22:25:55,707 ERROR o.a.c.c.C.[.[.[.[dispatcherServlet] [http-nio-8801-exec-4] Servlet.service() for servlet [dispatcherServlet] in context with path [] threw exception [Request processing failed; nested exception is CustomException(code=Bad Request, status=400, debugMessage=Name cannot be empty, clientMessage=Name cannot be empty)] with root cause
com.func.core.module.util.CustomException: null
	at com.func.core.module.service.impl.UserServiceImpl.validateUserRequest(UserServiceImpl.java:36) ~[main/:?]
	at com.func.core.module.service.impl.UserServiceImpl.addUser(UserServiceImpl.java:27) ~[main/:?]
	at com.func.core.module.controller.UserController.addUser(UserController.java:30) ~[main/:?]
	at sun.reflect.NativeMethodAccessorImpl.invoke0(Native Method) ~[?:1.8.0_201]
	at sun.reflect.NativeMethodAccessorImpl.invoke(NativeMethodAccessorImpl.java:62) ~[?:1.8.0_201]
	at sun.reflect.DelegatingMethodAccessorImpl.invoke(DelegatingMethodAccessorImpl.java:43) ~[?:1.8.0_201]
	at java.lang.reflect.Method.invoke(Method.java:498) ~[?:1.8.0_201]
	at org.springframework.web.method.support.InvocableHandlerMethod.doInvoke(InvocableHandlerMethod.java:205) ~[spring-web-5.3.25.jar:5.3.25]
	at org.springframework.web.method.support.InvocableHandlerMethod.invokeForRequest(InvocableHandlerMethod.java:150) ~[spring-web-5.3.25.jar:5.3.25]
	at org.springframework.web.servlet.mvc.method.annotation.ServletInvocableHandlerMethod.invokeAndHandle(ServletInvocableHandlerMethod.java:117) ~[spring-webmvc-5.3.25.jar:5.3.25]
	at org.springframework.web.servlet.mvc.method.annotation.RequestMappingHandlerAdapter.invokeHandlerMethod(RequestMappingHandlerAdapter.java:895) ~[spring-webmvc-5.3.25.jar:5.3.25]
	at org.springframework.web.servlet.mvc.method.annotation.RequestMappingHandlerAdapter.handleInternal(RequestMappingHandlerAdapter.java:808) ~[spring-webmvc-5.3.25.jar:5.3.25]
	at org.springframework.web.servlet.mvc.method.AbstractHandlerMethodAdapter.handle(AbstractHandlerMethodAdapter.java:87) ~[spring-webmvc-5.3.25.jar:5.3.25]
	at org.springframework.web.servlet.DispatcherServlet.doDispatch(DispatcherServlet.java:1071) ~[spring-webmvc-5.3.25.jar:5.3.25]
	at org.springframework.web.servlet.DispatcherServlet.doService(DispatcherServlet.java:964) ~[spring-webmvc-5.3.25.jar:5.3.25]
	at org.springframework.web.servlet.FrameworkServlet.processRequest(FrameworkServlet.java:1006) ~[spring-webmvc-5.3.25.jar:5.3.25]
	at org.springframework.web.servlet.FrameworkServlet.doPost(FrameworkServlet.java:909) ~[spring-webmvc-5.3.25.jar:5.3.25]
	at javax.servlet.http.HttpServlet.service(HttpServlet.java:696) ~[tomcat-embed-core-9.0.71.jar:4.0.FR]
	at org.springframework.web.servlet.FrameworkServlet.service(FrameworkServlet.java:883) ~[spring-webmvc-5.3.25.jar:5.3.25]
	at javax.servlet.http.HttpServlet.service(HttpServlet.java:779) ~[tomcat-embed-core-9.0.71.jar:4.0.FR]
	at org.apache.catalina.core.ApplicationFilterChain.internalDoFilter(ApplicationFilterChain.java:227) ~[tomcat-embed-core-9.0.71.jar:9.0.71]
	at org.apache.catalina.core.ApplicationFilterChain.doFilter(ApplicationFilterChain.java:162) ~[tomcat-embed-core-9.0.71.jar:9.0.71]
	at org.apache.tomcat.websocket.server.WsFilter.doFilter(WsFilter.java:53) ~[tomcat-embed-websocket-9.0.71.jar:9.0.71]
	at org.apache.catalina.core.ApplicationFilterChain.internalDoFilter(ApplicationFilterChain.java:189) ~[tomcat-embed-core-9.0.71.jar:9.0.71]
	at org.apache.catalina.core.ApplicationFilterChain.doFilter(ApplicationFilterChain.java:162) ~[tomcat-embed-core-9.0.71.jar:9.0.71]
	at org.springframework.web.filter.RequestContextFilter.doFilterInternal(RequestContextFilter.java:100) ~[spring-web-5.3.25.jar:5.3.25]
	at org.springframework.web.filter.OncePerRequestFilter.doFilter(OncePerRequestFilter.java:117) ~[spring-web-5.3.25.jar:5.3.25]
	at org.apache.catalina.core.ApplicationFilterChain.internalDoFilter(ApplicationFilterChain.java:189) ~[tomcat-embed-core-9.0.71.jar:9.0.71]
	at org.apache.catalina.core.ApplicationFilterChain.doFilter(ApplicationFilterChain.java:162) ~[tomcat-embed-core-9.0.71.jar:9.0.71]
	at org.springframework.web.filter.FormContentFilter.doFilterInternal(FormContentFilter.java:93) ~[spring-web-5.3.25.jar:5.3.25]
	at org.springframework.web.filter.OncePerRequestFilter.doFilter(OncePerRequestFilter.java:117) ~[spring-web-5.3.25.jar:5.3.25]
	at org.apache.catalina.core.ApplicationFilterChain.internalDoFilter(ApplicationFilterChain.java:189) ~[tomcat-embed-core-9.0.71.jar:9.0.71]
	at org.apache.catalina.core.ApplicationFilterChain.doFilter(ApplicationFilterChain.java:162) ~[tomcat-embed-core-9.0.71.jar:9.0.71]
	at org.springframework.boot.actuate.metrics.web.servlet.WebMvcMetricsFilter.doFilterInternal(WebMvcMetricsFilter.java:96) ~[spring-boot-actuator-2.7.9.jar:2.7.9]
	at org.springframework.web.filter.OncePerRequestFilter.doFilter(OncePerRequestFilter.java:117) ~[spring-web-5.3.25.jar:5.3.25]
	at org.apache.catalina.core.ApplicationFilterChain.internalDoFilter(ApplicationFilterChain.java:189) ~[tomcat-embed-core-9.0.71.jar:9.0.71]
	at org.apache.catalina.core.ApplicationFilterChain.doFilter(ApplicationFilterChain.java:162) ~[tomcat-embed-core-9.0.71.jar:9.0.71]
	at org.springframework.web.filter.CharacterEncodingFilter.doFilterInternal(CharacterEncodingFilter.java:201) ~[spring-web-5.3.25.jar:5.3.25]
	at org.springframework.web.filter.OncePerRequestFilter.doFilter(OncePerRequestFilter.java:117) ~[spring-web-5.3.25.jar:5.3.25]
	at org.apache.catalina.core.ApplicationFilterChain.internalDoFilter(ApplicationFilterChain.java:189) ~[tomcat-embed-core-9.0.71.jar:9.0.71]
	at org.apache.catalina.core.ApplicationFilterChain.doFilter(ApplicationFilterChain.java:162) ~[tomcat-embed-core-9.0.71.jar:9.0.71]
	at org.apache.catalina.core.StandardWrapperValve.invoke(StandardWrapperValve.java:177) ~[tomcat-embed-core-9.0.71.jar:9.0.71]
	at org.apache.catalina.core.StandardContextValve.invoke(StandardContextValve.java:97) ~[tomcat-embed-core-9.0.71.jar:9.0.71]
	at org.apache.catalina.authenticator.AuthenticatorBase.invoke(AuthenticatorBase.java:541) ~[tomcat-embed-core-9.0.71.jar:9.0.71]
	at org.apache.catalina.core.StandardHostValve.invoke(StandardHostValve.java:135) ~[tomcat-embed-core-9.0.71.jar:9.0.71]
	at org.apache.catalina.valves.ErrorReportValve.invoke(ErrorReportValve.java:92) ~[tomcat-embed-core-9.0.71.jar:9.0.71]
	at org.apache.catalina.core.StandardEngineValve.invoke(StandardEngineValve.java:78) ~[tomcat-embed-core-9.0.71.jar:9.0.71]
	at org.apache.catalina.connector.CoyoteAdapter.service(CoyoteAdapter.java:360) ~[tomcat-embed-core-9.0.71.jar:9.0.71]
	at org.apache.coyote.http11.Http11Processor.service(Http11Processor.java:399) ~[tomcat-embed-core-9.0.71.jar:9.0.71]
	at org.apache.coyote.AbstractProcessorLight.process(AbstractProcessorLight.java:65) ~[tomcat-embed-core-9.0.71.jar:9.0.71]
	at org.apache.coyote.AbstractProtocol$ConnectionHandler.process(AbstractProtocol.java:891) ~[tomcat-embed-core-9.0.71.jar:9.0.71]
	at org.apache.tomcat.util.net.NioEndpoint$SocketProcessor.doRun(NioEndpoint.java:1784) ~[tomcat-embed-core-9.0.71.jar:9.0.71]
	at org.apache.tomcat.util.net.SocketProcessorBase.run(SocketProcessorBase.java:49) ~[tomcat-embed-core-9.0.71.jar:9.0.71]
	at org.apache.tomcat.util.threads.ThreadPoolExecutor.runWorker(ThreadPoolExecutor.java:1191) ~[tomcat-embed-core-9.0.71.jar:9.0.71]
	at org.apache.tomcat.util.threads.ThreadPoolExecutor$Worker.run(ThreadPoolExecutor.java:659) ~[tomcat-embed-core-9.0.71.jar:9.0.71]
	at org.apache.tomcat.util.threads.TaskThread$WrappingRunnable.run(TaskThread.java:61) ~[tomcat-embed-core-9.0.71.jar:9.0.71]
	at java.lang.Thread.run(Thread.java:748) ~[?:1.8.0_201]
2023-03-11 22:27:30,124 INFO c.f.c.Application [main] Starting Application using Java 1.8.0_201 on Arun_HP with PID 14028 (D:\JavaWorkspace\TracExp\build\classes\java\main started by arunk in D:\JavaWorkspace\TracExp)
2023-03-11 22:27:30,124 INFO c.f.c.Application [main] No active profile set, falling back to 1 default profile: "default"
2023-03-11 22:27:32,297 INFO c.f.c.Application [main] Started Application in 2.344 seconds (JVM running for 2.79)
2023-03-11 22:28:46,102 INFO c.f.c.Application [main] Starting Application using Java 1.8.0_201 on Arun_HP with PID 19204 (D:\JavaWorkspace\TracExp\bin\main started by arunk in D:\JavaWorkspace\TracExp)
2023-03-11 22:28:46,113 INFO c.f.c.Application [main] No active profile set, falling back to 1 default profile: "default"
2023-03-11 22:29:09,951 INFO c.f.c.Application [main] Starting Application using Java 1.8.0_201 on Arun_HP with PID 24556 (D:\JavaWorkspace\TracExp\bin\main started by arunk in D:\JavaWorkspace\TracExp)
2023-03-11 22:29:09,960 INFO c.f.c.Application [main] No active profile set, falling back to 1 default profile: "default"
2023-03-11 22:29:59,037 INFO c.f.c.Application [main] Starting Application using Java 1.8.0_201 on Arun_HP with PID 5240 (D:\JavaWorkspace\TracExp\bin\main started by arunk in D:\JavaWorkspace\TracExp)
2023-03-11 22:29:59,047 INFO c.f.c.Application [main] No active profile set, falling back to 1 default profile: "default"
2023-03-11 22:30:10,272 INFO c.f.c.Application [main] Starting Application using Java 1.8.0_201 on Arun_HP with PID 7656 (D:\JavaWorkspace\TracExp\bin\main started by arunk in D:\JavaWorkspace\TracExp)
2023-03-11 22:30:10,278 INFO c.f.c.Application [main] No active profile set, falling back to 1 default profile: "default"
2023-03-11 22:35:26,098 INFO c.f.c.Application [main] Starting Application using Java 1.8.0_201 on Arun_HP with PID 20264 (D:\JavaWorkspace\TracExp\bin\main started by arunk in D:\JavaWorkspace\TracExp)
2023-03-11 22:35:26,105 INFO c.f.c.Application [main] No active profile set, falling back to 1 default profile: "default"
2023-03-11 22:36:11,356 INFO c.f.c.Application [main] Starting Application using Java 1.8.0_201 on Arun_HP with PID 20008 (D:\JavaWorkspace\TracExp\bin\main started by arunk in D:\JavaWorkspace\TracExp)
2023-03-11 22:36:11,362 INFO c.f.c.Application [main] No active profile set, falling back to 1 default profile: "default"
2023-03-11 22:37:32,034 INFO c.f.c.Application [main] Starting Application using Java 1.8.0_201 on Arun_HP with PID 8628 (D:\JavaWorkspace\TracExp\bin\main started by arunk in D:\JavaWorkspace\TracExp)
2023-03-11 22:37:32,041 INFO c.f.c.Application [main] No active profile set, falling back to 1 default profile: "default"
2023-03-12 00:59:29,857 INFO c.f.c.Application [main] Starting Application using Java 1.8.0_201 on Arun_HP with PID 11712 (D:\JavaWorkspace\TracExp\bin\main started by arunk in D:\JavaWorkspace\TracExp)
2023-03-12 00:59:29,877 INFO c.f.c.Application [main] No active profile set, falling back to 1 default profile: "default"
2023-03-12 01:02:55,823 INFO c.f.c.Application [main] Starting Application using Java 1.8.0_201 on Arun_HP with PID 19252 (D:\JavaWorkspace\TracExp\bin\main started by arunk in D:\JavaWorkspace\TracExp)
2023-03-12 01:02:55,839 INFO c.f.c.Application [main] No active profile set, falling back to 1 default profile: "default"
2023-03-12 01:04:50,243 INFO c.f.c.Application [main] Starting Application using Java 1.8.0_201 on Arun_HP with PID 9148 (D:\JavaWorkspace\TracExp\bin\main started by arunk in D:\JavaWorkspace\TracExp)
2023-03-12 01:04:50,254 INFO c.f.c.Application [main] No active profile set, falling back to 1 default profile: "default"
2023-03-12 01:29:13,910 INFO c.f.c.Application [main] Starting Application using Java 1.8.0_201 on Arun_HP with PID 9728 (D:\JavaWorkspace\TracExp\build\classes\java\main started by arunk in D:\JavaWorkspace\TracExp)
2023-03-12 01:29:13,917 INFO c.f.c.Application [main] No active profile set, falling back to 1 default profile: "default"
2023-03-12 01:29:18,778 INFO c.f.c.Application [main] Started Application in 5.194 seconds (JVM running for 6.151)
2023-03-12 01:29:55,550 INFO c.f.c.Application [main] Starting Application using Java 1.8.0_201 on Arun_HP with PID 18856 (D:\JavaWorkspace\TracExp\build\classes\java\main started by arunk in D:\JavaWorkspace\TracExp)
2023-03-12 01:29:55,567 INFO c.f.c.Application [main] No active profile set, falling back to 1 default profile: "default"
2023-03-12 01:30:01,556 INFO c.f.c.Application [main] Started Application in 6.511 seconds (JVM running for 7.811)
2023-03-12 01:50:19,029 INFO c.f.c.Application [main] Starting Application using Java 1.8.0_201 on Arun_HP with PID 25644 (D:\JavaWorkspace\TracExp\build\classes\java\main started by arunk in D:\JavaWorkspace\TracExp)
2023-03-12 01:50:19,039 INFO c.f.c.Application [main] No active profile set, falling back to 1 default profile: "default"
2023-03-12 01:50:24,842 INFO c.f.c.Application [main] Started Application in 6.204 seconds (JVM running for 7.33)
2023-03-12 01:59:24,965 INFO c.f.c.Application [main] Starting Application using Java 1.8.0_201 on Arun_HP with PID 25044 (D:\JavaWorkspace\TracExp\build\classes\java\main started by arunk in D:\JavaWorkspace\TracExp)
2023-03-12 01:59:24,976 INFO c.f.c.Application [main] No active profile set, falling back to 1 default profile: "default"
2023-03-12 01:59:30,765 INFO c.f.c.Application [main] Started Application in 6.17 seconds (JVM running for 7.177)
2023-03-12 02:05:44,505 INFO c.f.c.Application [main] Starting Application using Java 1.8.0_201 on Arun_HP with PID 23712 (D:\JavaWorkspace\TracExp\build\classes\java\main started by arunk in D:\JavaWorkspace\TracExp)
2023-03-12 02:05:44,514 INFO c.f.c.Application [main] No active profile set, falling back to 1 default profile: "default"
2023-03-12 02:05:50,363 INFO c.f.c.Application [main] Started Application in 6.23 seconds (JVM running for 7.281)
2023-03-12 02:09:39,511 INFO c.f.c.Application [main] Starting Application using Java 1.8.0_201 on Arun_HP with PID 13140 (D:\JavaWorkspace\TracExp\build\classes\java\main started by arunk in D:\JavaWorkspace\TracExp)
2023-03-12 02:09:39,552 INFO c.f.c.Application [main] No active profile set, falling back to 1 default profile: "default"
2023-03-12 02:09:53,260 INFO c.f.c.Application [main] Started Application in 14.692 seconds (JVM running for 17.437)
2023-03-12 09:17:44,759 INFO c.f.c.Application [main] Starting Application using Java 1.8.0_201 on Arun_HP with PID 12132 (D:\JavaWorkspace\TracExp\bin\main started by arunk in D:\JavaWorkspace\TracExp)
2023-03-12 09:17:44,772 INFO c.f.c.Application [main] No active profile set, falling back to 1 default profile: "default"
2023-03-12 09:23:10,824 INFO c.f.c.Application [main] Starting Application using Java 1.8.0_201 on Arun_HP with PID 26808 (D:\JavaWorkspace\TracExp\build\classes\java\main started by arunk in D:\JavaWorkspace\TracExp)
2023-03-12 09:23:10,828 INFO c.f.c.Application [main] No active profile set, falling back to 1 default profile: "default"
2023-03-12 09:23:12,959 INFO c.f.c.Application [main] Started Application in 2.306 seconds (JVM running for 2.783)
2023-03-12 09:30:06,951 INFO c.f.c.Application [main] Starting Application using Java 1.8.0_201 on Arun_HP with PID 17300 (D:\JavaWorkspace\TracExp\bin\main started by arunk in D:\JavaWorkspace\TracExp)
2023-03-12 09:30:06,962 INFO c.f.c.Application [main] No active profile set, falling back to 1 default profile: "default"
2023-03-12 09:33:29,820 INFO c.f.c.Application [main] Starting Application using Java 1.8.0_201 on Arun_HP with PID 3204 (D:\JavaWorkspace\TracExp\bin\main started by arunk in D:\JavaWorkspace\TracExp)
2023-03-12 09:33:29,829 INFO c.f.c.Application [main] No active profile set, falling back to 1 default profile: "default"
2023-03-12 09:36:46,061 INFO c.f.c.Application [main] Starting Application using Java 1.8.0_201 on Arun_HP with PID 6848 (D:\JavaWorkspace\TracExp\bin\main started by arunk in D:\JavaWorkspace\TracExp)
2023-03-12 09:36:46,073 INFO c.f.c.Application [main] No active profile set, falling back to 1 default profile: "default"
2023-03-12 09:38:35,671 INFO c.f.c.Application [main] Starting Application using Java 1.8.0_201 on Arun_HP with PID 16204 (D:\JavaWorkspace\TracExp\bin\main started by arunk in D:\JavaWorkspace\TracExp)
2023-03-12 09:38:35,681 INFO c.f.c.Application [main] No active profile set, falling back to 1 default profile: "default"
2023-03-12 09:38:39,951 INFO c.f.c.Application [main] Started Application in 4.81 seconds (JVM running for 6.27)
2023-03-12 09:39:40,581 INFO c.f.c.Application [main] Starting Application using Java 1.8.0_201 on Arun_HP with PID 10980 (D:\JavaWorkspace\TracExp\bin\main started by arunk in D:\JavaWorkspace\TracExp)
2023-03-12 09:39:40,592 INFO c.f.c.Application [main] No active profile set, falling back to 1 default profile: "default"
2023-03-12 09:39:44,884 INFO c.f.c.Application [main] Started Application in 4.773 seconds (JVM running for 6.142)
2023-03-12 09:47:22,477 INFO c.f.c.Application [main] Starting Application using Java 1.8.0_201 on Arun_HP with PID 10272 (D:\JavaWorkspace\TracExp\bin\main started by arunk in D:\JavaWorkspace\TracExp)
2023-03-12 09:47:22,488 INFO c.f.c.Application [main] No active profile set, falling back to 1 default profile: "default"
2023-03-12 09:47:27,109 INFO c.f.c.Application [main] Started Application in 5.113 seconds (JVM running for 6.672)
2023-03-12 09:57:49,714 INFO c.f.c.Application [main] Starting Application using Java 1.8.0_201 on Arun_HP with PID 24988 (D:\JavaWorkspace\TracExp\bin\main started by arunk in D:\JavaWorkspace\TracExp)
2023-03-12 09:57:49,749 INFO c.f.c.Application [main] No active profile set, falling back to 1 default profile: "default"
2023-03-12 09:57:57,177 INFO c.f.c.Application [main] Started Application in 8.314 seconds (JVM running for 16.045)
